# JRE version: OpenJDK Runtime Environment Temurin-21.0.9+10 (21.0.9+10) (build 21.0.9+10-LTS)
# Java VM: OpenJDK 64-Bit Server VM Temurin-21.0.9+10 (21.0.9+10-LTS, mixed mode, sharing, tiered, compressed oops, compressed class ptrs, parallel gc, windows-amd64)
GC Precious Log:
 CardTable entry size: 512
 CPUs: 16 total, 16 available
 Memory: 16088M
 Large Page Support: Disabled
 NUMA Support: Disabled
 Compressed Oops: Enabled (32-bit)
 Alignments: Space 512K, Generation 512K, Heap 2M
 Heap Min Capacity: 100M
 Heap Initial Capacity: 100M
 Heap Max Capacity: 2G
 Pre-touch: Disabled
 Parallel Workers: 13
Heap:
 PSYoungGen      total 6656K, used 1784K [0x00000000d5580000, 0x00000000d5d80000, 0x0000000100000000)
  eden space 4096K, 31% used [0x00000000d5580000,0x00000000d56c6240,0x00000000d5980000)
  from space 2560K, 18% used [0x00000000d5980000,0x00000000d59f8000,0x00000000d5c00000)
  to   space 1536K, 0% used [0x00000000d5c00000,0x00000000d5c00000,0x00000000d5d80000)
 ParOldGen       total 373248K, used 373164K [0x0000000080000000, 0x0000000096c80000, 0x00000000d5580000)
  object space 373248K, 99% used [0x0000000080000000,0x0000000096c6b100,0x0000000096c80000)
 Metaspace       used 74716K, committed 76224K, reserved 1179648K
  class space    used 7661K, committed 8320K, reserved 1048576K
GC Heap History (20 events):
Event: 4042.390 GC heap before
{Heap before GC invocations=299 (full 3):
 PSYoungGen      total 2560K, used 2057K [0x00000000d5580000, 0x00000000d5c00000, 0x0000000100000000)
  eden space 1024K, 95% used [0x00000000d5580000,0x00000000d5675478,0x00000000d5680000)
  from space 1536K, 70% used [0x00000000d5680000,0x00000000d578d240,0x00000000d5800000)
  to   space 2560K, 0% used [0x00000000d5980000,0x00000000d5980000,0x00000000d5c00000)
 ParOldGen       total 358400K, used 357926K [0x0000000080000000, 0x0000000095e00000, 0x00000000d5580000)
  object space 358400K, 99% used [0x0000000080000000,0x0000000095d89988,0x0000000095e00000)
 Metaspace       used 74683K, committed 76160K, reserved 1179648K
  class space    used 7661K, committed 8320K, reserved 1048576K
}
Event: 4042.391 GC heap after
{Heap after GC invocations=299 (full 3):
 PSYoungGen      total 3072K, used 1203K [0x00000000d5580000, 0x00000000d5b00000, 0x0000000100000000)
  eden space 1536K, 0% used [0x00000000d5580000,0x00000000d5580000,0x00000000d5700000)
  from space 1536K, 78% used [0x00000000d5980000,0x00000000d5aacc10,0x00000000d5b00000)
  to   space 1536K, 0% used [0x00000000d5800000,0x00000000d5800000,0x00000000d5980000)
 ParOldGen       total 358912K, used 358790K [0x0000000080000000, 0x0000000095e80000, 0x00000000d5580000)
  object space 358912K, 99% used [0x0000000080000000,0x0000000095e61968,0x0000000095e80000)
 Metaspace       used 74683K, committed 76160K, reserved 1179648K
  class space    used 7661K, committed 8320K, reserved 1048576K
}
Event: 4042.399 GC heap before
{Heap before GC invocations=300 (full 3):
 PSYoungGen      total 3072K, used 2739K [0x00000000d5580000, 0x00000000d5b00000, 0x0000000100000000)
  eden space 1536K, 100% used [0x00000000d5580000,0x00000000d5700000,0x00000000d5700000)
  from space 1536K, 78% used [0x00000000d5980000,0x00000000d5aacc10,0x00000000d5b00000)
  to   space 1536K, 0% used [0x00000000d5800000,0x00000000d5800000,0x00000000d5980000)
 ParOldGen       total 358912K, used 358790K [0x0000000080000000, 0x0000000095e80000, 0x00000000d5580000)
  object space 358912K, 99% used [0x0000000080000000,0x0000000095e61968,0x0000000095e80000)
 Metaspace       used 74683K, committed 76160K, reserved 1179648K
  class space    used 7661K, committed 8320K, reserved 1048576K
}
Event: 4042.402 GC heap after
{Heap after GC invocations=300 (full 3):
 PSYoungGen      total 3072K, used 832K [0x00000000d5580000, 0x00000000d5a00000, 0x0000000100000000)
  eden space 2048K, 0% used [0x00000000d5580000,0x00000000d5580000,0x00000000d5780000)
  from space 1024K, 81% used [0x00000000d5800000,0x00000000d58d02c0,0x00000000d5900000)
  to   space 1024K, 0% used [0x00000000d5900000,0x00000000d5900000,0x00000000d5a00000)
 ParOldGen       total 359936K, used 359779K [0x0000000080000000, 0x0000000095f80000, 0x00000000d5580000)
  object space 359936K, 99% used [0x0000000080000000,0x0000000095f58d18,0x0000000095f80000)
 Metaspace       used 74683K, committed 76160K, reserved 1179648K
  class space    used 7661K, committed 8320K, reserved 1048576K
}
Event: 4042.413 GC heap before
{Heap before GC invocations=301 (full 3):
 PSYoungGen      total 3072K, used 2880K [0x00000000d5580000, 0x00000000d5a00000, 0x0000000100000000)
  eden space 2048K, 100% used [0x00000000d5580000,0x00000000d5780000,0x00000000d5780000)
  from space 1024K, 81% used [0x00000000d5800000,0x00000000d58d02c0,0x00000000d5900000)
  to   space 1024K, 0% used [0x00000000d5900000,0x00000000d5900000,0x00000000d5a00000)
 ParOldGen       total 359936K, used 359779K [0x0000000080000000, 0x0000000095f80000, 0x00000000d5580000)
  object space 359936K, 99% used [0x0000000080000000,0x0000000095f58d18,0x0000000095f80000)
 Metaspace       used 74683K, committed 76160K, reserved 1179648K
  class space    used 7661K, committed 8320K, reserved 1048576K
}
Event: 4042.415 GC heap after
{Heap after GC invocations=301 (full 3):
 PSYoungGen      total 3072K, used 640K [0x00000000d5580000, 0x00000000d5a00000, 0x0000000100000000)
  eden space 2048K, 0% used [0x00000000d5580000,0x00000000d5580000,0x00000000d5780000)
  from space 1024K, 62% used [0x00000000d5900000,0x00000000d59a0020,0x00000000d5a00000)
  to   space 1024K, 0% used [0x00000000d5800000,0x00000000d5800000,0x00000000d5900000)
 ParOldGen       total 360448K, used 360384K [0x0000000080000000, 0x0000000096000000, 0x00000000d5580000)
  object space 360448K, 99% used [0x0000000080000000,0x0000000095ff0090,0x0000000096000000)
 Metaspace       used 74683K, committed 76160K, reserved 1179648K
  class space    used 7661K, committed 8320K, reserved 1048576K
}
Event: 4042.417 GC heap before
{Heap before GC invocations=302 (full 3):
 PSYoungGen      total 3072K, used 2688K [0x00000000d5580000, 0x00000000d5a00000, 0x0000000100000000)
  eden space 2048K, 100% used [0x00000000d5580000,0x00000000d5780000,0x00000000d5780000)
  from space 1024K, 62% used [0x00000000d5900000,0x00000000d59a0020,0x00000000d5a00000)
  to   space 1024K, 0% used [0x00000000d5800000,0x00000000d5800000,0x00000000d5900000)
 ParOldGen       total 360448K, used 360384K [0x0000000080000000, 0x0000000096000000, 0x00000000d5580000)
  object space 360448K, 99% used [0x0000000080000000,0x0000000095ff0090,0x0000000096000000)
 Metaspace       used 74683K, committed 76160K, reserved 1179648K
  class space    used 7661K, committed 8320K, reserved 1048576K
}
Event: 4042.421 GC heap after
{Heap after GC invocations=302 (full 3):
 PSYoungGen      total 3584K, used 995K [0x00000000d5580000, 0x00000000d5d00000, 0x0000000100000000)
  eden space 2560K, 0% used [0x00000000d5580000,0x00000000d5580000,0x00000000d5800000)
  from space 1024K, 97% used [0x00000000d5800000,0x00000000d58f8d88,0x00000000d5900000)
  to   space 2560K, 0% used [0x00000000d5a80000,0x00000000d5a80000,0x00000000d5d00000)
 ParOldGen       total 361984K, used 361624K [0x0000000080000000, 0x0000000096180000, 0x00000000d5580000)
  object space 361984K, 99% used [0x0000000080000000,0x0000000096126378,0x0000000096180000)
 Metaspace       used 74683K, committed 76160K, reserved 1179648K
  class space    used 7661K, committed 8320K, reserved 1048576K
}
Event: 4042.426 GC heap before
{Heap before GC invocations=303 (full 3):
 PSYoungGen      total 3584K, used 3555K [0x00000000d5580000, 0x00000000d5d00000, 0x0000000100000000)
  eden space 2560K, 100% used [0x00000000d5580000,0x00000000d5800000,0x00000000d5800000)
  from space 1024K, 97% used [0x00000000d5800000,0x00000000d58f8d88,0x00000000d5900000)
  to   space 2560K, 0% used [0x00000000d5a80000,0x00000000d5a80000,0x00000000d5d00000)
 ParOldGen       total 361984K, used 361624K [0x0000000080000000, 0x0000000096180000, 0x00000000d5580000)
  object space 361984K, 99% used [0x0000000080000000,0x0000000096126378,0x0000000096180000)
 Metaspace       used 74685K, committed 76160K, reserved 1179648K
  class space    used 7661K, committed 8320K, reserved 1048576K
}
Event: 4042.429 GC heap after
{Heap after GC invocations=303 (full 3):
 PSYoungGen      total 5120K, used 2272K [0x00000000d5580000, 0x00000000d5d80000, 0x0000000100000000)
  eden space 2560K, 0% used [0x00000000d5580000,0x00000000d5580000,0x00000000d5800000)
  from space 2560K, 88% used [0x00000000d5a80000,0x00000000d5cb8000,0x00000000d5d00000)
  to   space 2560K, 0% used [0x00000000d5800000,0x00000000d5800000,0x00000000d5a80000)
 ParOldGen       total 363008K, used 362572K [0x0000000080000000, 0x0000000096280000, 0x00000000d5580000)
  object space 363008K, 99% used [0x0000000080000000,0x0000000096213100,0x0000000096280000)
 Metaspace       used 74685K, committed 76160K, reserved 1179648K
  class space    used 7661K, committed 8320K, reserved 1048576K
}
Event: 4042.436 GC heap before
{Heap before GC invocations=304 (full 3):
 PSYoungGen      total 5120K, used 4832K [0x00000000d5580000, 0x00000000d5d80000, 0x0000000100000000)
  eden space 2560K, 100% used [0x00000000d5580000,0x00000000d5800000,0x00000000d5800000)
  from space 2560K, 88% used [0x00000000d5a80000,0x00000000d5cb8000,0x00000000d5d00000)
  to   space 2560K, 0% used [0x00000000d5800000,0x00000000d5800000,0x00000000d5a80000)
 ParOldGen       total 363008K, used 362572K [0x0000000080000000, 0x0000000096280000, 0x00000000d5580000)
  object space 363008K, 99% used [0x0000000080000000,0x0000000096213100,0x0000000096280000)
 Metaspace       used 74685K, committed 76160K, reserved 1179648K
  class space    used 7661K, committed 8320K, reserved 1048576K
}
Event: 4042.442 GC heap after
{Heap after GC invocations=304 (full 3):
 PSYoungGen      total 5120K, used 2560K [0x00000000d5580000, 0x00000000d6280000, 0x0000000100000000)
  eden space 2560K, 0% used [0x00000000d5580000,0x00000000d5580000,0x00000000d5800000)
  from space 2560K, 100% used [0x00000000d5800000,0x00000000d5a80000,0x00000000d5a80000)
  to   space 5120K, 0% used [0x00000000d5d80000,0x00000000d5d80000,0x00000000d6280000)
 ParOldGen       total 365056K, used 364676K [0x0000000080000000, 0x0000000096480000, 0x00000000d5580000)
  object space 365056K, 99% used [0x0000000080000000,0x0000000096421100,0x0000000096480000)
 Metaspace       used 74685K, committed 76160K, reserved 1179648K
  class space    used 7661K, committed 8320K, reserved 1048576K
}
Event: 4042.450 GC heap before
{Heap before GC invocations=305 (full 3):
 PSYoungGen      total 5120K, used 5120K [0x00000000d5580000, 0x00000000d6280000, 0x0000000100000000)
  eden space 2560K, 100% used [0x00000000d5580000,0x00000000d5800000,0x00000000d5800000)
  from space 2560K, 100% used [0x00000000d5800000,0x00000000d5a80000,0x00000000d5a80000)
  to   space 5120K, 0% used [0x00000000d5d80000,0x00000000d5d80000,0x00000000d6280000)
 ParOldGen       total 365056K, used 364676K [0x0000000080000000, 0x0000000096480000, 0x00000000d5580000)
  object space 365056K, 99% used [0x0000000080000000,0x0000000096421100,0x0000000096480000)
 Metaspace       used 74687K, committed 76160K, reserved 1179648K
  class space    used 7661K, committed 8320K, reserved 1048576K
}
Event: 4042.454 GC heap after
{Heap after GC invocations=305 (full 3):
 PSYoungGen      total 5632K, used 2560K [0x00000000d5580000, 0x00000000d6000000, 0x0000000100000000)
  eden space 3072K, 0% used [0x00000000d5580000,0x00000000d5580000,0x00000000d5880000)
  from space 2560K, 100% used [0x00000000d5d80000,0x00000000d6000000,0x00000000d6000000)
  to   space 3584K, 0% used [0x00000000d5900000,0x00000000d5900000,0x00000000d5c80000)
 ParOldGen       total 367616K, used 367132K [0x0000000080000000, 0x0000000096700000, 0x00000000d5580000)
  object space 367616K, 99% used [0x0000000080000000,0x0000000096687100,0x0000000096700000)
 Metaspace       used 74687K, committed 76160K, reserved 1179648K
  class space    used 7661K, committed 8320K, reserved 1048576K
}
Event: 4042.469 GC heap before
{Heap before GC invocations=306 (full 3):
 PSYoungGen      total 5632K, used 5608K [0x00000000d5580000, 0x00000000d6000000, 0x0000000100000000)
  eden space 3072K, 99% used [0x00000000d5580000,0x00000000d587a088,0x00000000d5880000)
  from space 2560K, 100% used [0x00000000d5d80000,0x00000000d6000000,0x00000000d6000000)
  to   space 3584K, 0% used [0x00000000d5900000,0x00000000d5900000,0x00000000d5c80000)
 ParOldGen       total 367616K, used 367132K [0x0000000080000000, 0x0000000096700000, 0x00000000d5580000)
  object space 367616K, 99% used [0x0000000080000000,0x0000000096687100,0x0000000096700000)
 Metaspace       used 74690K, committed 76160K, reserved 1179648K
  class space    used 7661K, committed 8320K, reserved 1048576K
}
Event: 4042.474 GC heap after
{Heap after GC invocations=306 (full 3):
 PSYoungGen      total 5632K, used 2000K [0x00000000d5580000, 0x00000000d5e80000, 0x0000000100000000)
  eden space 3584K, 0% used [0x00000000d5580000,0x00000000d5580000,0x00000000d5900000)
  from space 2048K, 97% used [0x00000000d5900000,0x00000000d5af4000,0x00000000d5b00000)
  to   space 2560K, 0% used [0x00000000d5c00000,0x00000000d5c00000,0x00000000d5e80000)
 ParOldGen       total 369664K, used 369540K [0x0000000080000000, 0x0000000096900000, 0x00000000d5580000)
  object space 369664K, 99% used [0x0000000080000000,0x00000000968e1100,0x0000000096900000)
 Metaspace       used 74690K, committed 76160K, reserved 1179648K
  class space    used 7661K, committed 8320K, reserved 1048576K
}
Event: 4042.488 GC heap before
{Heap before GC invocations=307 (full 3):
 PSYoungGen      total 5632K, used 5584K [0x00000000d5580000, 0x00000000d5e80000, 0x0000000100000000)
  eden space 3584K, 100% used [0x00000000d5580000,0x00000000d5900000,0x00000000d5900000)
  from space 2048K, 97% used [0x00000000d5900000,0x00000000d5af4000,0x00000000d5b00000)
  to   space 2560K, 0% used [0x00000000d5c00000,0x00000000d5c00000,0x00000000d5e80000)
 ParOldGen       total 369664K, used 369540K [0x0000000080000000, 0x0000000096900000, 0x00000000d5580000)
  object space 369664K, 99% used [0x0000000080000000,0x00000000968e1100,0x0000000096900000)
 Metaspace       used 74690K, committed 76160K, reserved 1179648K
  class space    used 7661K, committed 8320K, reserved 1048576K
}
Event: 4042.492 GC heap after
{Heap after GC invocations=307 (full 3):
 PSYoungGen      total 6656K, used 2240K [0x00000000d5580000, 0x00000000d5f00000, 0x0000000100000000)
  eden space 4096K, 0% used [0x00000000d5580000,0x00000000d5580000,0x00000000d5980000)
  from space 2560K, 87% used [0x00000000d5c00000,0x00000000d5e30000,0x00000000d5e80000)
  to   space 2560K, 0% used [0x00000000d5980000,0x00000000d5980000,0x00000000d5c00000)
 ParOldGen       total 371200K, used 371068K [0x0000000080000000, 0x0000000096a80000, 0x00000000d5580000)
  object space 371200K, 99% used [0x0000000080000000,0x0000000096a5f100,0x0000000096a80000)
 Metaspace       used 74690K, committed 76160K, reserved 1179648K
  class space    used 7661K, committed 8320K, reserved 1048576K
}
Event: 4249.953 GC heap before
{Heap before GC invocations=308 (full 3):
 PSYoungGen      total 6656K, used 6336K [0x00000000d5580000, 0x00000000d5f00000, 0x0000000100000000)
  eden space 4096K, 100% used [0x00000000d5580000,0x00000000d5980000,0x00000000d5980000)
  from space 2560K, 87% used [0x00000000d5c00000,0x00000000d5e30000,0x00000000d5e80000)
  to   space 2560K, 0% used [0x00000000d5980000,0x00000000d5980000,0x00000000d5c00000)
 ParOldGen       total 371200K, used 371068K [0x0000000080000000, 0x0000000096a80000, 0x00000000d5580000)
  object space 371200K, 99% used [0x0000000080000000,0x0000000096a5f100,0x0000000096a80000)
 Metaspace       used 74713K, committed 76224K, reserved 1179648K
  class space    used 7661K, committed 8320K, reserved 1048576K
}
Event: 4249.956 GC heap after
{Heap after GC invocations=308 (full 3):
 PSYoungGen      total 6656K, used 480K [0x00000000d5580000, 0x00000000d5d80000, 0x0000000100000000)
  eden space 4096K, 0% used [0x00000000d5580000,0x00000000d5580000,0x00000000d5980000)
  from space 2560K, 18% used [0x00000000d5980000,0x00000000d59f8000,0x00000000d5c00000)
  to   space 1536K, 0% used [0x00000000d5c00000,0x00000000d5c00000,0x00000000d5d80000)
 ParOldGen       total 373248K, used 373164K [0x0000000080000000, 0x0000000096c80000, 0x00000000d5580000)
  object space 373248K, 99% used [0x0000000080000000,0x0000000096c6b100,0x0000000096c80000)
 Metaspace       used 74713K, committed 76224K, reserved 1179648K
  class space    used 7661K, committed 8320K, reserved 1048576K
}

